Заявка: Array
(
    [ln] => sadf
    [fn] => asdf
    [sn] => kto
    [zayavk] => Автомойка
    [status] => Новая
    [email] => vodolazov2002@mail.ru
)
Заявка: Array
(
    [ln] => sadf
    [fn] => asdf
    [sn] => kto
    [zayavk] => Детейлинг
    [status] => Новая
    [email] => vodolazov2002@mail.ru
)
Заявка: Заявка: Заявка: Заявка: Заявка: Заявка: Заявка: Array
(
    [ln] => sadf
    [fn] => asdf
    [sn] => kto
    [zayavk] => Сервисное обслуживание
    [status] => Новая
    [email] => vodolazov2002@mail.ru
)
Заявка: Заявка: Array
(
    [ln] => sadf
    [fn] => asdf
    [sn] => kto
    [zayavk] => Заявка на автомобиль (Модель: JAECOO J7)
    [status] => Новая
    [email] => vodolazov2002@mail.ru
)
Заявка: Array
(
    [ln] => sadf
    [fn] => asdf
    [sn] => kto
    [zayavk] => Заявка на автомобиль (Модель: JAECOO J7)
    [status] => Новая
    [email] => vodolazov2002@mail.ru
)
Заявка: Array
(
    [ln] => sadf
    [fn] => asdf
    [sn] => kto
    [zayavk] => Заявка на автомобиль (Модель: JAECOO J7)
    [status] => Новая
    [email] => vodolazov2002@mail.ru
)
Заявка: Array
(
    [ln] => sadf
    [fn] => asdf
    [sn] => kto
    [zayavk] => Заявка на автомобиль (Модель: JAECOO J7)
    [status] => Новая
    [email] => vodolazov2002@mail.ru
)
Заявка: Array
(
    [ln] => sadf
    [fn] => asdf
    [sn] => kto
    [zayavk] => Заявка на автомобиль (Модель: JAECOO J7)
    [status] => Новая
    [email] => vodolazov2002@mail.ru
)
Заявка: Array
(
    [ln] => sadf
    [fn] => asdf
    [sn] => kto
    [zayavk] => Заявка на автомобиль (Модель: JAECOO J7)
    [status] => Новая
    [email] => vodolazov2002@mail.ru
)
Заявка: Заявка: Array
(
    [ln] => sadf
    [fn] => asdf
    [sn] => kto
    [zayavk] => Заявка на автомобиль (Модель: OMODA C5)
    [status] => Новая
    [email] => vodolazov2002@mail.ru
)
Заявка: Array
(
    [ln] => sadf
    [fn] => asdf
    [sn] => kto
    [zayavk] => Заявка на автомобиль (Модель: BMW 5)
    [status] => Новая
    [email] => vodolazov2002@mail.ru
)
Заявка: 